============================= test session starts =============================
platform win32 -- Python 3.13.9, pytest-9.0.2, pluggy-1.6.0 -- C:\Users\7akee\AppData\Local\Programs\Python\Python313\python.exe
cachedir: .pytest_cache
metadata: {'Python': '3.13.9', 'Platform': 'Windows-11-10.0.26200-SP0', 'Packages': {'pytest': '9.0.2', 'pluggy': '1.6.0'}, 'Plugins': {'html': '4.1.1', 'metadata': '3.1.1'}}
rootdir: C:\Personal\Projects\Django\Supplements-Store
plugins: html-4.1.1, metadata-3.1.1
collecting ... collected 4 items

tests/integration/test_flows.py::test_home_page PASSED                   [ 25%]
tests/integration/test_flows.py::test_register_and_login_flow PASSED     [ 50%]
tests/integration/test_flows.py::test_add_to_cart_and_checkout_flow FAILED [ 75%]
tests/integration/test_flows.py::test_database_crud_product PASSED       [100%]

================================== FAILURES ===================================
_____________________ test_add_to_cart_and_checkout_flow ______________________

client = <FlaskClient <Flask 'Prime_Supplements'>>
init_database = <SQLAlchemy sqlite:///C:\Personal\Projects\Django\Supplements-Store\instance\Orders.db>

    def test_add_to_cart_and_checkout_flow(client, init_database):
        """
        Test adding items to cart and clearing it (Checkout simulation).
        Integration: Tests Product -> Cart -> CartItem -> DB Relationship.
        """
        # Login first
        client.post('/login', data={'email': 'test@example.com', 'password': 'hashedpassword'}) # Password hash mismatch in fixture?
        # Actually, let's create a user properly with bcrypt for this test to be sure
        hashed_pw = bcrypt.generate_password_hash('realpassword').decode('utf-8')
        user = User(username="shopper", email="shop@test.com", phone="01111111111", password=hashed_pw)
        db.session.add(user)
        db.session.commit()
    
        # Login
        client.post('/login', data={'email': 'shop@test.com', 'password': 'realpassword'})
    
        # Get a product ID (created in init_database fixture)
        product = Product.query.first()
        assert product is not None
    
        # Add to Cart
        response = client.get(f'/add_to_cart/{product.id}', follow_redirects=True)
        assert response.status_code == 200
    
        # Verify Cart Page
        response = client.get('/Cart')
        assert b"Test Vitamin" in response.data
        assert b"20.0" in response.data
    
        # Verify DB State
        cart = Cart.query.filter_by(user_id=user.id).first()
        assert cart is not None
        assert len(cart.items) == 1
        assert cart.items[0].product_id == product.id
    
        # Simulated Checkout (Clear Cart)
        response = client.post('/clear_cart', follow_redirects=True)
        assert response.status_code == 200
    
        # Verify Empty
        cart_items = CartItem.query.filter_by(cart_id=cart.id).all()
        assert len(cart_items) == 0
>       assert b"Total: $0.0" in response.data or b"0.0" in response.data
E       assert (b'Total: $0.0' in b'<!DOCTYPE html>\n<html lang="en">\n\n<head>\n    <meta charset="UTF-8">\n    <meta name="viewport" content="width=device-width, initial-scale=1.0">\n    <title> Cart </title>\n    \n<link rel="stylesheet" href="/static/css/Cart.css">\n\n    \n    <!-- Bootstrap and FontAwesome CSS -->\n    <link rel="stylesheet" href="/static/css/bootstrap.min.css">\n    <link rel="stylesheet" href="https://cdnjs.cloudflare.com/ajax/libs/font-awesome/6.5.0/css/all.min.css">\n    <link href="https://cdn.jsdelivr.net/npm/bootstrap@5.3.2/dist/css/bootstrap.min.css" rel="stylesheet">\n    <!-- Bootstrap JS -->\n    <script src="https://cdn.jsdelivr.net/npm/bootstrap@5.3.2/dist/js/bootstrap.bundle.min.js"></script>\n</head>\n\n<body class="d-flex flex-column min-vh-100">\n    \n    <!-- Header -->\n    <header>\n        <h6 class="head">Shop Now</h6>\n    </header>\n    \n    <!-- Navbar -->\n    <nav class="navbar navbar-expand-lg bg-body-tertiary">\n        <div class="container-fluid">\n            <a class="navbar-brand" href="/Home" style="color: rgb(180, 27, 0);">\n                <span class="branding-navbar">Prime</span> Supplements\n            </a>\n            <button class="navbar-toggle...                   </a>\n                                    \n                                </div>\n                            </div>\n                        </div>\n                    </div>\n                </div>\n            </div>\n        </div>\n    </div>\n</section>\n\n\n    <!-- footer -->\n    <footer style="background-color: rgb(180, 27, 0); color: white; padding: 20px 0; text-align: center; margin-bottom: 0px;  margin-top: 80px;">\n      <div style="max-width: 1200px; margin: auto;">\n          <p style="margin: 0; font-size: 1.1rem; color: white;"><span style="font-weight: bold;">Prime</span> supplements</p>\n          <nav style="margin-top: 10px;">\n              <a href="/Home" style="color: #ecf0f1; margin: 0 15px; text-decoration: none;">Home</a>\n              <a href="/Shop" style="color: #ecf0f1; margin: 0 15px; text-decoration: none;">Shop</a>\n              <a href="/About" style="color: #ecf0f1; margin: 0 15px; text-decoration: none;">About</a>\n          </nav>\n          <hr>\n          <p style="margin-top: 10px; font-size: 0.9rem; color:white;">&copy; 2025 Prime Supplements. All rights reserved.</p>\n      </div>\n    </footer>\n</body>\n</html>' or b'0.0' in b'<!DOCTYPE html>\n<html lang="en">\n\n<head>\n    <meta charset="UTF-8">\n    <meta name="viewport" content="width=device-width, initial-scale=1.0">\n    <title> Cart </title>\n    \n<link rel="stylesheet" href="/static/css/Cart.css">\n\n    \n    <!-- Bootstrap and FontAwesome CSS -->\n    <link rel="stylesheet" href="/static/css/bootstrap.min.css">\n    <link rel="stylesheet" href="https://cdnjs.cloudflare.com/ajax/libs/font-awesome/6.5.0/css/all.min.css">\n    <link href="https://cdn.jsdelivr.net/npm/bootstrap@5.3.2/dist/css/bootstrap.min.css" rel="stylesheet">\n    <!-- Bootstrap JS -->\n    <script src="https://cdn.jsdelivr.net/npm/bootstrap@5.3.2/dist/js/bootstrap.bundle.min.js"></script>\n</head>\n\n<body class="d-flex flex-column min-vh-100">\n    \n    <!-- Header -->\n    <header>\n        <h6 class="head">Shop Now</h6>\n    </header>\n    \n    <!-- Navbar -->\n    <nav class="navbar navbar-expand-lg bg-body-tertiary">\n        <div class="container-fluid">\n            <a class="navbar-brand" href="/Home" style="color: rgb(180, 27, 0);">\n                <span class="branding-navbar">Prime</span> Supplements\n            </a>\n            <button class="navbar-toggle...                   </a>\n                                    \n                                </div>\n                            </div>\n                        </div>\n                    </div>\n                </div>\n            </div>\n        </div>\n    </div>\n</section>\n\n\n    <!-- footer -->\n    <footer style="background-color: rgb(180, 27, 0); color: white; padding: 20px 0; text-align: center; margin-bottom: 0px;  margin-top: 80px;">\n      <div style="max-width: 1200px; margin: auto;">\n          <p style="margin: 0; font-size: 1.1rem; color: white;"><span style="font-weight: bold;">Prime</span> supplements</p>\n          <nav style="margin-top: 10px;">\n              <a href="/Home" style="color: #ecf0f1; margin: 0 15px; text-decoration: none;">Home</a>\n              <a href="/Shop" style="color: #ecf0f1; margin: 0 15px; text-decoration: none;">Shop</a>\n              <a href="/About" style="color: #ecf0f1; margin: 0 15px; text-decoration: none;">About</a>\n          </nav>\n          <hr>\n          <p style="margin-top: 10px; font-size: 0.9rem; color:white;">&copy; 2025 Prime Supplements. All rights reserved.</p>\n      </div>\n    </footer>\n</body>\n</html>')
E        +  where b'<!DOCTYPE html>\n<html lang="en">\n\n<head>\n    <meta charset="UTF-8">\n    <meta name="viewport" content="width=device-width, initial-scale=1.0">\n    <title> Cart </title>\n    \n<link rel="stylesheet" href="/static/css/Cart.css">\n\n    \n    <!-- Bootstrap and FontAwesome CSS -->\n    <link rel="stylesheet" href="/static/css/bootstrap.min.css">\n    <link rel="stylesheet" href="https://cdnjs.cloudflare.com/ajax/libs/font-awesome/6.5.0/css/all.min.css">\n    <link href="https://cdn.jsdelivr.net/npm/bootstrap@5.3.2/dist/css/bootstrap.min.css" rel="stylesheet">\n    <!-- Bootstrap JS -->\n    <script src="https://cdn.jsdelivr.net/npm/bootstrap@5.3.2/dist/js/bootstrap.bundle.min.js"></script>\n</head>\n\n<body class="d-flex flex-column min-vh-100">\n    \n    <!-- Header -->\n    <header>\n        <h6 class="head">Shop Now</h6>\n    </header>\n    \n    <!-- Navbar -->\n    <nav class="navbar navbar-expand-lg bg-body-tertiary">\n        <div class="container-fluid">\n            <a class="navbar-brand" href="/Home" style="color: rgb(180, 27, 0);">\n                <span class="branding-navbar">Prime</span> Supplements\n            </a>\n            <button class="navbar-toggle...                   </a>\n                                    \n                                </div>\n                            </div>\n                        </div>\n                    </div>\n                </div>\n            </div>\n        </div>\n    </div>\n</section>\n\n\n    <!-- footer -->\n    <footer style="background-color: rgb(180, 27, 0); color: white; padding: 20px 0; text-align: center; margin-bottom: 0px;  margin-top: 80px;">\n      <div style="max-width: 1200px; margin: auto;">\n          <p style="margin: 0; font-size: 1.1rem; color: white;"><span style="font-weight: bold;">Prime</span> supplements</p>\n          <nav style="margin-top: 10px;">\n              <a href="/Home" style="color: #ecf0f1; margin: 0 15px; text-decoration: none;">Home</a>\n              <a href="/Shop" style="color: #ecf0f1; margin: 0 15px; text-decoration: none;">Shop</a>\n              <a href="/About" style="color: #ecf0f1; margin: 0 15px; text-decoration: none;">About</a>\n          </nav>\n          <hr>\n          <p style="margin-top: 10px; font-size: 0.9rem; color:white;">&copy; 2025 Prime Supplements. All rights reserved.</p>\n      </div>\n    </footer>\n</body>\n</html>' = <WrapperTestResponse 7098 bytes [200 OK]>.data
E        +  and   b'<!DOCTYPE html>\n<html lang="en">\n\n<head>\n    <meta charset="UTF-8">\n    <meta name="viewport" content="width=device-width, initial-scale=1.0">\n    <title> Cart </title>\n    \n<link rel="stylesheet" href="/static/css/Cart.css">\n\n    \n    <!-- Bootstrap and FontAwesome CSS -->\n    <link rel="stylesheet" href="/static/css/bootstrap.min.css">\n    <link rel="stylesheet" href="https://cdnjs.cloudflare.com/ajax/libs/font-awesome/6.5.0/css/all.min.css">\n    <link href="https://cdn.jsdelivr.net/npm/bootstrap@5.3.2/dist/css/bootstrap.min.css" rel="stylesheet">\n    <!-- Bootstrap JS -->\n    <script src="https://cdn.jsdelivr.net/npm/bootstrap@5.3.2/dist/js/bootstrap.bundle.min.js"></script>\n</head>\n\n<body class="d-flex flex-column min-vh-100">\n    \n    <!-- Header -->\n    <header>\n        <h6 class="head">Shop Now</h6>\n    </header>\n    \n    <!-- Navbar -->\n    <nav class="navbar navbar-expand-lg bg-body-tertiary">\n        <div class="container-fluid">\n            <a class="navbar-brand" href="/Home" style="color: rgb(180, 27, 0);">\n                <span class="branding-navbar">Prime</span> Supplements\n            </a>\n            <button class="navbar-toggle...                   </a>\n                                    \n                                </div>\n                            </div>\n                        </div>\n                    </div>\n                </div>\n            </div>\n        </div>\n    </div>\n</section>\n\n\n    <!-- footer -->\n    <footer style="background-color: rgb(180, 27, 0); color: white; padding: 20px 0; text-align: center; margin-bottom: 0px;  margin-top: 80px;">\n      <div style="max-width: 1200px; margin: auto;">\n          <p style="margin: 0; font-size: 1.1rem; color: white;"><span style="font-weight: bold;">Prime</span> supplements</p>\n          <nav style="margin-top: 10px;">\n              <a href="/Home" style="color: #ecf0f1; margin: 0 15px; text-decoration: none;">Home</a>\n              <a href="/Shop" style="color: #ecf0f1; margin: 0 15px; text-decoration: none;">Shop</a>\n              <a href="/About" style="color: #ecf0f1; margin: 0 15px; text-decoration: none;">About</a>\n          </nav>\n          <hr>\n          <p style="margin-top: 10px; font-size: 0.9rem; color:white;">&copy; 2025 Prime Supplements. All rights reserved.</p>\n      </div>\n    </footer>\n</body>\n</html>' = <WrapperTestResponse 7098 bytes [200 OK]>.data

tests\integration\test_flows.py:84: AssertionError
=========================== short test summary info ===========================
FAILED tests/integration/test_flows.py::test_add_to_cart_and_checkout_flow - ...
========================= 1 failed, 3 passed in 3.71s =========================
